SF:lib/src/log/logger.dart
DA:11,3
DA:13,1
DA:17,2
DA:19,1
DA:20,1
DA:21,2
DA:22,2
DA:23,5
DA:24,1
DA:25,2
DA:26,1
DA:29,0
DA:32,1
DA:33,1
DA:37,0
DA:38,0
DA:42,0
DA:43,0
DA:47,0
DA:48,0
DA:52,0
DA:53,0
DA:56,0
DA:59,0
DA:60,0
LF:25
LH:13
end_of_record
SF:lib/src/log/quick_log.dart
DA:5,3
DA:7,2
DA:9,0
DA:10,0
DA:12,3
DA:14,0
DA:16,0
DA:18,0
DA:20,0
DA:22,0
DA:25,0
LF:11
LH:3
end_of_record
SF:lib/src/log/log.dart
DA:8,1
DA:10,0
DA:11,0
DA:12,0
DA:13,0
DA:14,0
LF:6
LH:1
end_of_record
SF:lib/src/log/log_categories.dart
DA:10,1
DA:16,1
DA:19,9
DA:20,2
DA:21,1
DA:22,2
DA:25,1
DA:26,2
DA:27,2
DA:30,0
DA:31,0
DA:32,0
DA:35,0
DA:36,0
DA:37,0
DA:40,0
DA:41,0
DA:42,0
DA:45,0
DA:46,0
DA:47,0
DA:50,0
DA:51,0
DA:52,0
LF:24
LH:9
end_of_record
