SF:lib/src/log/logger.dart
DA:13,3
DA:15,1
DA:19,2
DA:21,1
DA:22,6
DA:25,1
DA:26,1
DA:27,2
DA:28,2
DA:29,5
DA:30,1
DA:31,2
DA:32,1
DA:35,0
DA:38,1
DA:39,1
DA:43,1
DA:44,1
DA:48,1
DA:49,1
DA:53,1
DA:54,1
DA:58,0
DA:59,0
DA:62,1
DA:65,0
DA:66,0
LF:27
LH:22
end_of_record
SF:lib/src/log/quick_log.dart
DA:5,3
DA:7,2
DA:9,0
DA:10,0
DA:12,3
DA:14,3
DA:16,3
DA:18,3
DA:20,0
DA:22,1
DA:25,2
LF:11
LH:8
end_of_record
SF:lib/src/log/log.dart
DA:8,1
DA:10,1
DA:11,1
DA:12,1
DA:13,2
DA:14,2
LF:6
LH:6
end_of_record
SF:lib/src/log/log_categories.dart
DA:10,1
DA:16,1
DA:17,2
DA:19,2
DA:20,1
DA:21,2
DA:24,1
DA:25,2
DA:26,2
DA:29,1
DA:30,2
DA:31,2
DA:34,1
DA:35,2
DA:36,2
DA:39,1
DA:40,2
DA:41,2
DA:44,0
DA:45,0
DA:46,0
DA:49,0
DA:50,0
DA:51,0
LF:24
LH:18
end_of_record
